# JRE version: OpenJDK Runtime Environment (11.0.12+7) (build 11.0.12+7-b1504.28-7817840)
# Java VM: OpenJDK 64-Bit Server VM (11.0.12+7-b1504.28-7817840, mixed mode, tiered, compressed oops, g1 gc, windows-amd64)
Heap:
 garbage-first heap   total 101376K, used 73418K [0x0000000080000000, 0x0000000100000000)
  region size 1024K, 19 young (19456K), 3 survivors (3072K)
 Metaspace       used 73583K, capacity 75353K, committed 75596K, reserved 1114112K
  class space    used 9595K, capacity 10252K, committed 10316K, reserved 1048576K
GC Heap History (20 events):
Event: 75.201 GC heap before
{Heap before GC invocations=60 (full 0):
 garbage-first heap   total 83968K, used 59937K [0x0000000080000000, 0x0000000100000000)
  region size 1024K, 17 young (17408K), 2 survivors (2048K)
 Metaspace       used 60899K, capacity 62366K, committed 62668K, reserved 1103872K
  class space    used 7734K, capacity 8286K, committed 8396K, reserved 1048576K
}
Event: 75.218 GC heap after
{Heap after GC invocations=61 (full 0):
 garbage-first heap   total 83968K, used 48057K [0x0000000080000000, 0x0000000100000000)
  region size 1024K, 3 young (3072K), 3 survivors (3072K)
 Metaspace       used 60899K, capacity 62366K, committed 62668K, reserved 1103872K
  class space    used 7734K, capacity 8286K, committed 8396K, reserved 1048576K
}
Event: 76.682 GC heap before
{Heap before GC invocations=62 (full 0):
 garbage-first heap   total 83968K, used 62393K [0x0000000080000000, 0x0000000100000000)
  region size 1024K, 18 young (18432K), 3 survivors (3072K)
 Metaspace       used 62062K, capacity 63524K, committed 63820K, reserved 1103872K
  class space    used 7873K, capacity 8415K, committed 8524K, reserved 1048576K
}
Event: 76.701 GC heap after
{Heap after GC invocations=63 (full 0):
 garbage-first heap   total 83968K, used 48947K [0x0000000080000000, 0x0000000100000000)
  region size 1024K, 2 young (2048K), 2 survivors (2048K)
 Metaspace       used 62062K, capacity 63524K, committed 63820K, reserved 1103872K
  class space    used 7873K, capacity 8415K, committed 8524K, reserved 1048576K
}
Event: 78.431 GC heap before
{Heap before GC invocations=63 (full 0):
 garbage-first heap   total 83968K, used 63283K [0x0000000080000000, 0x0000000100000000)
  region size 1024K, 16 young (16384K), 2 survivors (2048K)
 Metaspace       used 63337K, capacity 64799K, committed 64972K, reserved 1105920K
  class space    used 8027K, capacity 8581K, committed 8652K, reserved 1048576K
}
Event: 78.442 GC heap after
{Heap after GC invocations=64 (full 0):
 garbage-first heap   total 83968K, used 49649K [0x0000000080000000, 0x0000000100000000)
  region size 1024K, 2 young (2048K), 2 survivors (2048K)
 Metaspace       used 63337K, capacity 64799K, committed 64972K, reserved 1105920K
  class space    used 8027K, capacity 8581K, committed 8652K, reserved 1048576K
}
Event: 79.898 GC heap before
{Heap before GC invocations=65 (full 0):
 garbage-first heap   total 83968K, used 63985K [0x0000000080000000, 0x0000000100000000)
  region size 1024K, 17 young (17408K), 2 survivors (2048K)
 Metaspace       used 64532K, capacity 65965K, committed 66124K, reserved 1105920K
  class space    used 8197K, capacity 8754K, committed 8780K, reserved 1048576K
}
Event: 79.912 GC heap after
{Heap after GC invocations=66 (full 0):
 garbage-first heap   total 83968K, used 50449K [0x0000000080000000, 0x0000000100000000)
  region size 1024K, 2 young (2048K), 2 survivors (2048K)
 Metaspace       used 64532K, capacity 65965K, committed 66124K, reserved 1105920K
  class space    used 8197K, capacity 8754K, committed 8780K, reserved 1048576K
}
Event: 80.281 GC heap before
{Heap before GC invocations=66 (full 0):
 garbage-first heap   total 83968K, used 52497K [0x0000000080000000, 0x0000000100000000)
  region size 1024K, 5 young (5120K), 2 survivors (2048K)
 Metaspace       used 64793K, capacity 66267K, committed 66508K, reserved 1107968K
  class space    used 8218K, capacity 8789K, committed 8908K, reserved 1048576K
}
Event: 80.294 GC heap after
{Heap after GC invocations=67 (full 0):
 garbage-first heap   total 101376K, used 51285K [0x0000000080000000, 0x0000000100000000)
  region size 1024K, 2 young (2048K), 2 survivors (2048K)
 Metaspace       used 64793K, capacity 66267K, committed 66508K, reserved 1107968K
  class space    used 8218K, capacity 8789K, committed 8908K, reserved 1048576K
}
Event: 82.344 GC heap before
{Heap before GC invocations=68 (full 0):
 garbage-first heap   total 101376K, used 71765K [0x0000000080000000, 0x0000000100000000)
  region size 1024K, 21 young (21504K), 2 survivors (2048K)
 Metaspace       used 65590K, capacity 67086K, committed 67404K, reserved 1107968K
  class space    used 8348K, capacity 8928K, committed 9036K, reserved 1048576K
}
Event: 82.359 GC heap after
{Heap after GC invocations=69 (full 0):
 garbage-first heap   total 101376K, used 52288K [0x0000000080000000, 0x0000000100000000)
  region size 1024K, 3 young (3072K), 3 survivors (3072K)
 Metaspace       used 65590K, capacity 67086K, committed 67404K, reserved 1107968K
  class space    used 8348K, capacity 8928K, committed 9036K, reserved 1048576K
}
Event: 82.943 GC heap before
{Heap before GC invocations=69 (full 0):
 garbage-first heap   total 101376K, used 72768K [0x0000000080000000, 0x0000000100000000)
  region size 1024K, 23 young (23552K), 3 survivors (3072K)
 Metaspace       used 65645K, capacity 67190K, committed 67404K, reserved 1107968K
  class space    used 8356K, capacity 8963K, committed 9036K, reserved 1048576K
}
Event: 82.962 GC heap after
{Heap after GC invocations=70 (full 0):
 garbage-first heap   total 101376K, used 53944K [0x0000000080000000, 0x0000000100000000)
  region size 1024K, 3 young (3072K), 3 survivors (3072K)
 Metaspace       used 65645K, capacity 67190K, committed 67404K, reserved 1107968K
  class space    used 8356K, capacity 8963K, committed 9036K, reserved 1048576K
}
Event: 86.386 GC heap before
{Heap before GC invocations=71 (full 0):
 garbage-first heap   total 101376K, used 75448K [0x0000000080000000, 0x0000000100000000)
  region size 1024K, 24 young (24576K), 3 survivors (3072K)
 Metaspace       used 68105K, capacity 69743K, committed 70092K, reserved 1110016K
  class space    used 8734K, capacity 9324K, committed 9420K, reserved 1048576K
}
Event: 86.421 GC heap after
{Heap after GC invocations=72 (full 0):
 garbage-first heap   total 101376K, used 55346K [0x0000000080000000, 0x0000000100000000)
  region size 1024K, 2 young (2048K), 2 survivors (2048K)
 Metaspace       used 68105K, capacity 69743K, committed 70092K, reserved 1110016K
  class space    used 8734K, capacity 9324K, committed 9420K, reserved 1048576K
}
Event: 88.949 GC heap before
{Heap before GC invocations=72 (full 0):
 garbage-first heap   total 101376K, used 76850K [0x0000000080000000, 0x0000000100000000)
  region size 1024K, 23 young (23552K), 2 survivors (2048K)
 Metaspace       used 70838K, capacity 72432K, committed 72524K, reserved 1112064K
  class space    used 9194K, capacity 9786K, committed 9804K, reserved 1048576K
}
Event: 88.965 GC heap after
{Heap after GC invocations=73 (full 0):
 garbage-first heap   total 101376K, used 56687K [0x0000000080000000, 0x0000000100000000)
  region size 1024K, 3 young (3072K), 3 survivors (3072K)
 Metaspace       used 70838K, capacity 72432K, committed 72524K, reserved 1112064K
  class space    used 9194K, capacity 9786K, committed 9804K, reserved 1048576K
}
Event: 92.933 GC heap before
{Heap before GC invocations=74 (full 0):
 garbage-first heap   total 101376K, used 78191K [0x0000000080000000, 0x0000000100000000)
  region size 1024K, 24 young (24576K), 3 survivors (3072K)
 Metaspace       used 72486K, capacity 74103K, committed 74444K, reserved 1114112K
  class space    used 9444K, capacity 10059K, committed 10188K, reserved 1048576K
}
Event: 92.957 GC heap after
{Heap after GC invocations=75 (full 0):
 garbage-first heap   total 101376K, used 58058K [0x0000000080000000, 0x0000000100000000)
  region size 1024K, 3 young (3072K), 3 survivors (3072K)
 Metaspace       used 72486K, capacity 74103K, committed 74444K, reserved 1114112K
  class space    used 9444K, capacity 10059K, committed 10188K, reserved 1048576K
}

