# JRE version: OpenJDK Runtime Environment (11.0.12+7) (build 11.0.12+7-b1504.28-7817840)
# Java VM: OpenJDK 64-Bit Server VM (11.0.12+7-b1504.28-7817840, mixed mode, tiered, compressed oops, g1 gc, windows-amd64)
Heap:
 garbage-first heap   total 312320K, used 201798K [0x0000000080000000, 0x0000000100000000)
  region size 1024K, 32 young (32768K), 3 survivors (3072K)
 Metaspace       used 131752K, capacity 135318K, committed 135552K, reserved 1167360K
  class space    used 16255K, capacity 17497K, committed 17536K, reserved 1048576K
GC Heap History (20 events):
Event: 2994.136 GC heap before
{Heap before GC invocations=208 (full 0):
 garbage-first heap   total 312320K, used 271789K [0x0000000080000000, 0x0000000100000000)
  region size 1024K, 101 young (103424K), 8 survivors (8192K)
 Metaspace       used 131702K, capacity 135247K, committed 135296K, reserved 1167360K
  class space    used 16252K, capacity 17496K, committed 17536K, reserved 1048576K
}
Event: 2994.239 GC heap after
{Heap after GC invocations=209 (full 0):
 garbage-first heap   total 312320K, used 177519K [0x0000000080000000, 0x0000000100000000)
  region size 1024K, 7 young (7168K), 7 survivors (7168K)
 Metaspace       used 131702K, capacity 135247K, committed 135296K, reserved 1167360K
  class space    used 16252K, capacity 17496K, committed 17536K, reserved 1048576K
}
Event: 2999.409 GC heap before
{Heap before GC invocations=209 (full 0):
 garbage-first heap   total 312320K, used 275823K [0x0000000080000000, 0x0000000100000000)
  region size 1024K, 100 young (102400K), 7 survivors (7168K)
 Metaspace       used 131703K, capacity 135247K, committed 135296K, reserved 1167360K
  class space    used 16252K, capacity 17496K, committed 17536K, reserved 1048576K
}
Event: 2999.466 GC heap after
{Heap after GC invocations=210 (full 0):
 garbage-first heap   total 312320K, used 178031K [0x0000000080000000, 0x0000000100000000)
  region size 1024K, 7 young (7168K), 7 survivors (7168K)
 Metaspace       used 131703K, capacity 135247K, committed 135296K, reserved 1167360K
  class space    used 16252K, capacity 17496K, committed 17536K, reserved 1048576K
}
Event: 3002.337 GC heap before
{Heap before GC invocations=210 (full 0):
 garbage-first heap   total 312320K, used 272239K [0x0000000080000000, 0x0000000100000000)
  region size 1024K, 99 young (101376K), 7 survivors (7168K)
 Metaspace       used 131703K, capacity 135247K, committed 135296K, reserved 1167360K
  class space    used 16252K, capacity 17496K, committed 17536K, reserved 1048576K
}
Event: 3002.383 GC heap after
{Heap after GC invocations=211 (full 0):
 garbage-first heap   total 312320K, used 179055K [0x0000000080000000, 0x0000000100000000)
  region size 1024K, 8 young (8192K), 8 survivors (8192K)
 Metaspace       used 131703K, capacity 135247K, committed 135296K, reserved 1167360K
  class space    used 16252K, capacity 17496K, committed 17536K, reserved 1048576K
}
Event: 3004.480 GC heap before
{Heap before GC invocations=211 (full 0):
 garbage-first heap   total 312320K, used 271215K [0x0000000080000000, 0x0000000100000000)
  region size 1024K, 98 young (100352K), 8 survivors (8192K)
 Metaspace       used 131703K, capacity 135247K, committed 135296K, reserved 1167360K
  class space    used 16252K, capacity 17496K, committed 17536K, reserved 1048576K
}
Event: 3004.533 GC heap after
{Heap after GC invocations=212 (full 0):
 garbage-first heap   total 312320K, used 180294K [0x0000000080000000, 0x0000000100000000)
  region size 1024K, 7 young (7168K), 7 survivors (7168K)
 Metaspace       used 131703K, capacity 135247K, committed 135296K, reserved 1167360K
  class space    used 16252K, capacity 17496K, committed 17536K, reserved 1048576K
}
Event: 3012.087 GC heap before
{Heap before GC invocations=212 (full 0):
 garbage-first heap   total 312320K, used 271430K [0x0000000080000000, 0x0000000100000000)
  region size 1024K, 97 young (99328K), 7 survivors (7168K)
 Metaspace       used 131706K, capacity 135247K, committed 135296K, reserved 1167360K
  class space    used 16252K, capacity 17496K, committed 17536K, reserved 1048576K
}
Event: 3012.114 GC heap after
{Heap after GC invocations=213 (full 0):
 garbage-first heap   total 312320K, used 174150K [0x0000000080000000, 0x0000000100000000)
  region size 1024K, 4 young (4096K), 4 survivors (4096K)
 Metaspace       used 131706K, capacity 135247K, committed 135296K, reserved 1167360K
  class space    used 16252K, capacity 17496K, committed 17536K, reserved 1048576K
}
Event: 3015.262 GC heap before
{Heap before GC invocations=213 (full 0):
 garbage-first heap   total 312320K, used 274502K [0x0000000080000000, 0x0000000100000000)
  region size 1024K, 102 young (104448K), 4 survivors (4096K)
 Metaspace       used 131706K, capacity 135247K, committed 135296K, reserved 1167360K
  class space    used 16252K, capacity 17496K, committed 17536K, reserved 1048576K
}
Event: 3015.284 GC heap after
{Heap after GC invocations=214 (full 0):
 garbage-first heap   total 312320K, used 173524K [0x0000000080000000, 0x0000000100000000)
  region size 1024K, 4 young (4096K), 4 survivors (4096K)
 Metaspace       used 131706K, capacity 135247K, committed 135296K, reserved 1167360K
  class space    used 16252K, capacity 17496K, committed 17536K, reserved 1048576K
}
Event: 3018.462 GC heap before
{Heap before GC invocations=214 (full 0):
 garbage-first heap   total 312320K, used 273876K [0x0000000080000000, 0x0000000100000000)
  region size 1024K, 102 young (104448K), 4 survivors (4096K)
 Metaspace       used 131725K, capacity 135251K, committed 135296K, reserved 1167360K
  class space    used 16252K, capacity 17496K, committed 17536K, reserved 1048576K
}
Event: 3018.495 GC heap after
{Heap after GC invocations=215 (full 0):
 garbage-first heap   total 312320K, used 173126K [0x0000000080000000, 0x0000000100000000)
  region size 1024K, 3 young (3072K), 3 survivors (3072K)
 Metaspace       used 131725K, capacity 135251K, committed 135296K, reserved 1167360K
  class space    used 16252K, capacity 17496K, committed 17536K, reserved 1048576K
}
Event: 3021.429 GC heap before
{Heap before GC invocations=215 (full 0):
 garbage-first heap   total 312320K, used 273478K [0x0000000080000000, 0x0000000100000000)
  region size 1024K, 102 young (104448K), 3 survivors (3072K)
 Metaspace       used 131735K, capacity 135251K, committed 135296K, reserved 1167360K
  class space    used 16252K, capacity 17496K, committed 17536K, reserved 1048576K
}
Event: 3021.458 GC heap after
{Heap after GC invocations=216 (full 0):
 garbage-first heap   total 312320K, used 172968K [0x0000000080000000, 0x0000000100000000)
  region size 1024K, 3 young (3072K), 3 survivors (3072K)
 Metaspace       used 131735K, capacity 135251K, committed 135296K, reserved 1167360K
  class space    used 16252K, capacity 17496K, committed 17536K, reserved 1048576K
}
Event: 3024.013 GC heap before
{Heap before GC invocations=216 (full 0):
 garbage-first heap   total 312320K, used 276392K [0x0000000080000000, 0x0000000100000000)
  region size 1024K, 102 young (104448K), 3 survivors (3072K)
 Metaspace       used 131735K, capacity 135251K, committed 135296K, reserved 1167360K
  class space    used 16252K, capacity 17496K, committed 17536K, reserved 1048576K
}
Event: 3024.041 GC heap after
{Heap after GC invocations=217 (full 0):
 garbage-first heap   total 312320K, used 176480K [0x0000000080000000, 0x0000000100000000)
  region size 1024K, 5 young (5120K), 5 survivors (5120K)
 Metaspace       used 131735K, capacity 135251K, committed 135296K, reserved 1167360K
  class space    used 16252K, capacity 17496K, committed 17536K, reserved 1048576K
}
Event: 3029.357 GC heap before
{Heap before GC invocations=217 (full 0):
 garbage-first heap   total 312320K, used 273760K [0x0000000080000000, 0x0000000100000000)
  region size 1024K, 100 young (102400K), 5 survivors (5120K)
 Metaspace       used 131751K, capacity 135318K, committed 135552K, reserved 1167360K
  class space    used 16255K, capacity 17497K, committed 17536K, reserved 1048576K
}
Event: 3029.382 GC heap after
{Heap after GC invocations=218 (full 0):
 garbage-first heap   total 312320K, used 173126K [0x0000000080000000, 0x0000000100000000)
  region size 1024K, 3 young (3072K), 3 survivors (3072K)
 Metaspace       used 131751K, capacity 135318K, committed 135552K, reserved 1167360K
  class space    used 16255K, capacity 17497K, committed 17536K, reserved 1048576K
}

