# JRE version: OpenJDK Runtime Environment (11.0.12+7) (build 11.0.12+7-b1504.28-7817840)
# Java VM: OpenJDK 64-Bit Server VM (11.0.12+7-b1504.28-7817840, mixed mode, tiered, compressed oops, g1 gc, windows-amd64)
Heap:
 garbage-first heap   total 791552K, used 233770K [0x0000000080000000, 0x0000000100000000)
  region size 1024K, 2 young (2048K), 2 survivors (2048K)
 Metaspace       used 180851K, capacity 185001K, committed 185288K, reserved 1210368K
  class space    used 22247K, capacity 23776K, committed 23884K, reserved 1048576K
GC Heap History (20 events):
Event: 1170.895 GC heap after
{Heap after GC invocations=186 (full 0):
 garbage-first heap   total 342016K, used 204800K [0x0000000080000000, 0x0000000100000000)
  region size 1024K, 3 young (3072K), 3 survivors (3072K)
 Metaspace       used 180682K, capacity 184861K, committed 185032K, reserved 1210368K
  class space    used 22229K, capacity 23775K, committed 23884K, reserved 1048576K
}
Event: 1172.915 GC heap before
{Heap before GC invocations=187 (full 0):
 garbage-first heap   total 342016K, used 215040K [0x0000000080000000, 0x0000000100000000)
  region size 1024K, 20 young (20480K), 3 survivors (3072K)
 Metaspace       used 180682K, capacity 184861K, committed 185032K, reserved 1210368K
  class space    used 22229K, capacity 23775K, committed 23884K, reserved 1048576K
}
Event: 1172.980 GC heap after
{Heap after GC invocations=188 (full 0):
 garbage-first heap   total 461824K, used 199978K [0x0000000080000000, 0x0000000100000000)
  region size 1024K, 2 young (2048K), 2 survivors (2048K)
 Metaspace       used 180682K, capacity 184861K, committed 185032K, reserved 1210368K
  class space    used 22229K, capacity 23775K, committed 23884K, reserved 1048576K
}
Event: 1174.500 GC heap before
{Heap before GC invocations=188 (full 0):
 garbage-first heap   total 461824K, used 227626K [0x0000000080000000, 0x0000000100000000)
  region size 1024K, 22 young (22528K), 2 survivors (2048K)
 Metaspace       used 180688K, capacity 184861K, committed 185032K, reserved 1210368K
  class space    used 22229K, capacity 23775K, committed 23884K, reserved 1048576K
}
Event: 1174.559 GC heap after
{Heap after GC invocations=189 (full 0):
 garbage-first heap   total 461824K, used 210000K [0x0000000080000000, 0x0000000100000000)
  region size 1024K, 3 young (3072K), 3 survivors (3072K)
 Metaspace       used 180688K, capacity 184861K, committed 185032K, reserved 1210368K
  class space    used 22229K, capacity 23775K, committed 23884K, reserved 1048576K
}
Event: 1174.907 GC heap before
{Heap before GC invocations=189 (full 0):
 garbage-first heap   total 461824K, used 218192K [0x0000000080000000, 0x0000000100000000)
  region size 1024K, 13 young (13312K), 3 survivors (3072K)
 Metaspace       used 180688K, capacity 184861K, committed 185032K, reserved 1210368K
  class space    used 22229K, capacity 23775K, committed 23884K, reserved 1048576K
}
Event: 1174.944 GC heap after
{Heap after GC invocations=190 (full 0):
 garbage-first heap   total 461824K, used 211328K [0x0000000080000000, 0x0000000100000000)
  region size 1024K, 2 young (2048K), 2 survivors (2048K)
 Metaspace       used 180688K, capacity 184861K, committed 185032K, reserved 1210368K
  class space    used 22229K, capacity 23775K, committed 23884K, reserved 1048576K
}
Event: 1177.019 GC heap before
{Heap before GC invocations=191 (full 0):
 garbage-first heap   total 461824K, used 245120K [0x0000000080000000, 0x0000000100000000)
  region size 1024K, 34 young (34816K), 2 survivors (2048K)
 Metaspace       used 180688K, capacity 184861K, committed 185032K, reserved 1210368K
  class space    used 22229K, capacity 23775K, committed 23884K, reserved 1048576K
}
Event: 1177.052 GC heap after
{Heap after GC invocations=192 (full 0):
 garbage-first heap   total 461824K, used 218464K [0x0000000080000000, 0x0000000100000000)
  region size 1024K, 5 young (5120K), 5 survivors (5120K)
 Metaspace       used 180688K, capacity 184861K, committed 185032K, reserved 1210368K
  class space    used 22229K, capacity 23775K, committed 23884K, reserved 1048576K
}
Event: 1177.108 GC heap before
{Heap before GC invocations=192 (full 0):
 garbage-first heap   total 461824K, used 235872K [0x0000000080000000, 0x0000000100000000)
  region size 1024K, 22 young (22528K), 5 survivors (5120K)
 Metaspace       used 180688K, capacity 184861K, committed 185032K, reserved 1210368K
  class space    used 22229K, capacity 23775K, committed 23884K, reserved 1048576K
}
Event: 1177.579 GC heap after
{Heap after GC invocations=193 (full 0):
 garbage-first heap   total 461824K, used 220347K [0x0000000080000000, 0x0000000100000000)
  region size 1024K, 3 young (3072K), 3 survivors (3072K)
 Metaspace       used 180688K, capacity 184861K, committed 185032K, reserved 1210368K
  class space    used 22229K, capacity 23775K, committed 23884K, reserved 1048576K
}
Event: 1177.755 GC heap before
{Heap before GC invocations=193 (full 0):
 garbage-first heap   total 461824K, used 222395K [0x0000000080000000, 0x0000000100000000)
  region size 1024K, 6 young (6144K), 3 survivors (3072K)
 Metaspace       used 180688K, capacity 184861K, committed 185032K, reserved 1210368K
  class space    used 22229K, capacity 23775K, committed 23884K, reserved 1048576K
}
Event: 1177.869 GC heap after
{Heap after GC invocations=194 (full 0):
 garbage-first heap   total 461824K, used 221385K [0x0000000080000000, 0x0000000100000000)
  region size 1024K, 1 young (1024K), 1 survivors (1024K)
 Metaspace       used 180688K, capacity 184861K, committed 185032K, reserved 1210368K
  class space    used 22229K, capacity 23775K, committed 23884K, reserved 1048576K
}
Event: 1179.753 GC heap before
{Heap before GC invocations=195 (full 0):
 garbage-first heap   total 461824K, used 233673K [0x0000000080000000, 0x0000000100000000)
  region size 1024K, 14 young (14336K), 1 survivors (1024K)
 Metaspace       used 180688K, capacity 184861K, committed 185032K, reserved 1210368K
  class space    used 22229K, capacity 23775K, committed 23884K, reserved 1048576K
}
Event: 1179.775 GC heap after
{Heap after GC invocations=196 (full 0):
 garbage-first heap   total 461824K, used 224556K [0x0000000080000000, 0x0000000100000000)
  region size 1024K, 3 young (3072K), 3 survivors (3072K)
 Metaspace       used 180688K, capacity 184861K, committed 185032K, reserved 1210368K
  class space    used 22229K, capacity 23775K, committed 23884K, reserved 1048576K
}
Event: 1182.937 GC heap before
{Heap before GC invocations=197 (full 0):
 garbage-first heap   total 461824K, used 249132K [0x0000000080000000, 0x0000000100000000)
  region size 1024K, 22 young (22528K), 3 survivors (3072K)
 Metaspace       used 180692K, capacity 184861K, committed 185032K, reserved 1210368K
  class space    used 22229K, capacity 23775K, committed 23884K, reserved 1048576K
}
Event: 1182.985 GC heap after
{Heap after GC invocations=198 (full 0):
 garbage-first heap   total 461824K, used 228035K [0x0000000080000000, 0x0000000100000000)
  region size 1024K, 1 young (1024K), 1 survivors (1024K)
 Metaspace       used 180692K, capacity 184861K, committed 185032K, reserved 1210368K
  class space    used 22229K, capacity 23775K, committed 23884K, reserved 1048576K
}
Event: 1191.512 GC heap before
{Heap before GC invocations=198 (full 0):
 garbage-first heap   total 461824K, used 261827K [0x0000000080000000, 0x0000000100000000)
  region size 1024K, 22 young (22528K), 1 survivors (1024K)
 Metaspace       used 180849K, capacity 185001K, committed 185288K, reserved 1210368K
  class space    used 22247K, capacity 23776K, committed 23884K, reserved 1048576K
}
Event: 1191.700 GC heap after
{Heap after GC invocations=199 (full 0):
 garbage-first heap   total 461824K, used 233129K [0x0000000080000000, 0x0000000100000000)
  region size 1024K, 1 young (1024K), 1 survivors (1024K)
 Metaspace       used 180849K, capacity 185001K, committed 185288K, reserved 1210368K
  class space    used 22247K, capacity 23776K, committed 23884K, reserved 1048576K
}
Event: 1191.973 GC heap before
{Heap before GC invocations=199 (full 0):
 garbage-first heap   total 461824K, used 240297K [0x0000000080000000, 0x0000000100000000)
  region size 1024K, 9 young (9216K), 1 survivors (1024K)
 Metaspace       used 180851K, capacity 185001K, committed 185288K, reserved 1210368K
  class space    used 22247K, capacity 23776K, committed 23884K, reserved 1048576K
}

