# JRE version: OpenJDK Runtime Environment (11.0.12+7) (build 11.0.12+7-b1504.28-7817840)
# Java VM: OpenJDK 64-Bit Server VM (11.0.12+7-b1504.28-7817840, mixed mode, tiered, compressed oops, g1 gc, windows-amd64)
Heap:
 garbage-first heap   total 57344K, used 19706K [0x0000000080000000, 0x0000000100000000)
  region size 1024K, 3 young (3072K), 3 survivors (3072K)
 Metaspace       used 26248K, capacity 26757K, committed 26928K, reserved 1081344K
  class space    used 3389K, capacity 3587K, committed 3712K, reserved 1048576K
GC Heap History (18 events):
Event: 1.964 GC heap before
{Heap before GC invocations=0 (full 0):
 garbage-first heap   total 57344K, used 7168K [0x0000000080000000, 0x0000000100000000)
  region size 1024K, 7 young (7168K), 0 survivors (0K)
 Metaspace       used 6196K, capacity 6329K, committed 6528K, reserved 1056768K
  class space    used 542K, capacity 578K, committed 640K, reserved 1048576K
}
Event: 1.973 GC heap after
{Heap after GC invocations=1 (full 0):
 garbage-first heap   total 57344K, used 1436K [0x0000000080000000, 0x0000000100000000)
  region size 1024K, 1 young (1024K), 1 survivors (1024K)
 Metaspace       used 6196K, capacity 6329K, committed 6528K, reserved 1056768K
  class space    used 542K, capacity 578K, committed 640K, reserved 1048576K
}
Event: 13.762 GC heap before
{Heap before GC invocations=1 (full 0):
 garbage-first heap   total 57344K, used 39324K [0x0000000080000000, 0x0000000100000000)
  region size 1024K, 33 young (33792K), 1 survivors (1024K)
 Metaspace       used 11242K, capacity 11454K, committed 11520K, reserved 1058816K
  class space    used 1174K, capacity 1246K, committed 1280K, reserved 1048576K
}
Event: 13.788 GC heap after
{Heap after GC invocations=2 (full 0):
 garbage-first heap   total 57344K, used 9600K [0x0000000080000000, 0x0000000100000000)
  region size 1024K, 5 young (5120K), 5 survivors (5120K)
 Metaspace       used 11242K, capacity 11454K, committed 11520K, reserved 1058816K
  class space    used 1174K, capacity 1246K, committed 1280K, reserved 1048576K
}
Event: 14.823 GC heap before
{Heap before GC invocations=2 (full 0):
 garbage-first heap   total 57344K, used 25984K [0x0000000080000000, 0x0000000100000000)
  region size 1024K, 21 young (21504K), 5 survivors (5120K)
 Metaspace       used 11309K, capacity 11518K, committed 11776K, reserved 1060864K
  class space    used 1175K, capacity 1246K, committed 1280K, reserved 1048576K
}
Event: 14.852 GC heap after
{Heap after GC invocations=3 (full 0):
 garbage-first heap   total 57344K, used 12539K [0x0000000080000000, 0x0000000100000000)
  region size 1024K, 2 young (2048K), 2 survivors (2048K)
 Metaspace       used 11309K, capacity 11518K, committed 11776K, reserved 1060864K
  class space    used 1175K, capacity 1246K, committed 1280K, reserved 1048576K
}
Event: 19.133 GC heap before
{Heap before GC invocations=3 (full 0):
 garbage-first heap   total 57344K, used 34043K [0x0000000080000000, 0x0000000100000000)
  region size 1024K, 24 young (24576K), 2 survivors (2048K)
 Metaspace       used 12769K, capacity 13070K, committed 13312K, reserved 1060864K
  class space    used 1386K, capacity 1486K, committed 1536K, reserved 1048576K
}
Event: 19.148 GC heap after
{Heap after GC invocations=4 (full 0):
 garbage-first heap   total 57344K, used 15250K [0x0000000080000000, 0x0000000100000000)
  region size 1024K, 3 young (3072K), 3 survivors (3072K)
 Metaspace       used 12769K, capacity 13070K, committed 13312K, reserved 1060864K
  class space    used 1386K, capacity 1486K, committed 1536K, reserved 1048576K
}
Event: 26.866 GC heap before
{Heap before GC invocations=4 (full 0):
 garbage-first heap   total 57344K, used 37778K [0x0000000080000000, 0x0000000100000000)
  region size 1024K, 25 young (25600K), 3 survivors (3072K)
 Metaspace       used 18185K, capacity 18559K, committed 18688K, reserved 1064960K
  class space    used 2159K, capacity 2276K, committed 2304K, reserved 1048576K
}
Event: 26.885 GC heap after
{Heap after GC invocations=5 (full 0):
 garbage-first heap   total 57344K, used 16858K [0x0000000080000000, 0x0000000100000000)
  region size 1024K, 2 young (2048K), 2 survivors (2048K)
 Metaspace       used 18185K, capacity 18559K, committed 18688K, reserved 1064960K
  class space    used 2159K, capacity 2276K, committed 2304K, reserved 1048576K
}
Event: 29.621 GC heap before
{Heap before GC invocations=5 (full 0):
 garbage-first heap   total 57344K, used 37338K [0x0000000080000000, 0x0000000100000000)
  region size 1024K, 24 young (24576K), 2 survivors (2048K)
 Metaspace       used 20708K, capacity 21113K, committed 21296K, reserved 1069056K
  class space    used 2538K, capacity 2680K, committed 2688K, reserved 1048576K
}
Event: 29.635 GC heap after
{Heap after GC invocations=6 (full 0):
 garbage-first heap   total 57344K, used 17554K [0x0000000080000000, 0x0000000100000000)
  region size 1024K, 3 young (3072K), 3 survivors (3072K)
 Metaspace       used 20708K, capacity 21113K, committed 21296K, reserved 1069056K
  class space    used 2538K, capacity 2680K, committed 2688K, reserved 1048576K
}
Event: 32.787 GC heap before
{Heap before GC invocations=7 (full 0):
 garbage-first heap   total 57344K, used 39058K [0x0000000080000000, 0x0000000100000000)
  region size 1024K, 25 young (25600K), 3 survivors (3072K)
 Metaspace       used 23044K, capacity 23532K, committed 23728K, reserved 1071104K
  class space    used 2908K, capacity 3066K, committed 3072K, reserved 1048576K
}
Event: 32.809 GC heap after
{Heap after GC invocations=8 (full 0):
 garbage-first heap   total 57344K, used 18164K [0x0000000080000000, 0x0000000100000000)
  region size 1024K, 2 young (2048K), 2 survivors (2048K)
 Metaspace       used 23044K, capacity 23532K, committed 23728K, reserved 1071104K
  class space    used 2908K, capacity 3066K, committed 3072K, reserved 1048576K
}
Event: 37.802 GC heap before
{Heap before GC invocations=8 (full 0):
 garbage-first heap   total 57344K, used 40692K [0x0000000080000000, 0x0000000100000000)
  region size 1024K, 24 young (24576K), 2 survivors (2048K)
 Metaspace       used 25518K, capacity 26008K, committed 26288K, reserved 1073152K
  class space    used 3271K, capacity 3486K, committed 3584K, reserved 1048576K
}
Event: 37.816 GC heap after
{Heap after GC invocations=9 (full 0):
 garbage-first heap   total 57344K, used 19401K [0x0000000080000000, 0x0000000100000000)
  region size 1024K, 3 young (3072K), 3 survivors (3072K)
 Metaspace       used 25518K, capacity 26008K, committed 26288K, reserved 1073152K
  class space    used 3271K, capacity 3486K, committed 3584K, reserved 1048576K
}
Event: 38.886 GC heap before
{Heap before GC invocations=9 (full 0):
 garbage-first heap   total 57344K, used 24521K [0x0000000080000000, 0x0000000100000000)
  region size 1024K, 9 young (9216K), 3 survivors (3072K)
 Metaspace       used 26248K, capacity 26757K, committed 26928K, reserved 1079296K
  class space    used 3389K, capacity 3587K, committed 3712K, reserved 1048576K
}
Event: 38.901 GC heap after
{Heap after GC invocations=10 (full 0):
 garbage-first heap   total 57344K, used 19706K [0x0000000080000000, 0x0000000100000000)
  region size 1024K, 3 young (3072K), 3 survivors (3072K)
 Metaspace       used 26248K, capacity 26757K, committed 26928K, reserved 1079296K
  class space    used 3389K, capacity 3587K, committed 3712K, reserved 1048576K
}

