# JRE version: OpenJDK Runtime Environment (11.0.12+7) (build 11.0.12+7-b1504.28-7817840)
# Java VM: OpenJDK 64-Bit Server VM (11.0.12+7-b1504.28-7817840, mixed mode, tiered, compressed oops, g1 gc, windows-amd64)
Heap:
 garbage-first heap   total 121856K, used 86153K [0x0000000080000000, 0x0000000100000000)
  region size 1024K, 30 young (30720K), 4 survivors (4096K)
 Metaspace       used 79733K, capacity 81591K, committed 81792K, reserved 1120256K
  class space    used 10449K, capacity 11126K, committed 11136K, reserved 1048576K
GC Heap History (20 events):
Event: 72.574 GC heap before
{Heap before GC invocations=65 (full 0):
 garbage-first heap   total 83968K, used 60493K [0x0000000080000000, 0x0000000100000000)
  region size 1024K, 16 young (16384K), 2 survivors (2048K)
 Metaspace       used 61939K, capacity 63394K, committed 63488K, reserved 1103872K
  class space    used 7846K, capacity 8415K, committed 8448K, reserved 1048576K
}
Event: 72.591 GC heap after
{Heap after GC invocations=66 (full 0):
 garbage-first heap   total 83968K, used 48695K [0x0000000080000000, 0x0000000100000000)
  region size 1024K, 2 young (2048K), 2 survivors (2048K)
 Metaspace       used 61939K, capacity 63394K, committed 63488K, reserved 1103872K
  class space    used 7846K, capacity 8415K, committed 8448K, reserved 1048576K
}
Event: 75.792 GC heap before
{Heap before GC invocations=66 (full 0):
 garbage-first heap   total 83968K, used 63031K [0x0000000080000000, 0x0000000100000000)
  region size 1024K, 16 young (16384K), 2 survivors (2048K)
 Metaspace       used 63224K, capacity 64696K, committed 64896K, reserved 1105920K
  class space    used 8003K, capacity 8547K, committed 8576K, reserved 1048576K
}
Event: 75.811 GC heap after
{Heap after GC invocations=67 (full 0):
 garbage-first heap   total 83968K, used 49734K [0x0000000080000000, 0x0000000100000000)
  region size 1024K, 2 young (2048K), 2 survivors (2048K)
 Metaspace       used 63224K, capacity 64696K, committed 64896K, reserved 1105920K
  class space    used 8003K, capacity 8547K, committed 8576K, reserved 1048576K
}
Event: 77.462 GC heap before
{Heap before GC invocations=68 (full 0):
 garbage-first heap   total 83968K, used 64070K [0x0000000080000000, 0x0000000100000000)
  region size 1024K, 16 young (16384K), 2 survivors (2048K)
 Metaspace       used 64345K, capacity 65831K, committed 66048K, reserved 1105920K
  class space    used 8130K, capacity 8688K, committed 8704K, reserved 1048576K
}
Event: 77.475 GC heap after
{Heap after GC invocations=69 (full 0):
 garbage-first heap   total 101376K, used 50454K [0x0000000080000000, 0x0000000100000000)
  region size 1024K, 2 young (2048K), 2 survivors (2048K)
 Metaspace       used 64345K, capacity 65831K, committed 66048K, reserved 1105920K
  class space    used 8130K, capacity 8688K, committed 8704K, reserved 1048576K
}
Event: 78.425 GC heap before
{Heap before GC invocations=69 (full 0):
 garbage-first heap   total 101376K, used 55574K [0x0000000080000000, 0x0000000100000000)
  region size 1024K, 8 young (8192K), 2 survivors (2048K)
 Metaspace       used 64797K, capacity 66328K, committed 66432K, reserved 1107968K
  class space    used 8208K, capacity 8787K, committed 8832K, reserved 1048576K
}
Event: 78.481 GC heap after
{Heap after GC invocations=70 (full 0):
 garbage-first heap   total 101376K, used 51165K [0x0000000080000000, 0x0000000100000000)
  region size 1024K, 2 young (2048K), 2 survivors (2048K)
 Metaspace       used 64797K, capacity 66328K, committed 66432K, reserved 1107968K
  class space    used 8208K, capacity 8787K, committed 8832K, reserved 1048576K
}
Event: 80.150 GC heap before
{Heap before GC invocations=71 (full 0):
 garbage-first heap   total 101376K, used 71645K [0x0000000080000000, 0x0000000100000000)
  region size 1024K, 21 young (21504K), 2 survivors (2048K)
 Metaspace       used 65596K, capacity 67083K, committed 67328K, reserved 1107968K
  class space    used 8337K, capacity 8926K, committed 8960K, reserved 1048576K
}
Event: 80.165 GC heap after
{Heap after GC invocations=72 (full 0):
 garbage-first heap   total 101376K, used 52181K [0x0000000080000000, 0x0000000100000000)
  region size 1024K, 3 young (3072K), 3 survivors (3072K)
 Metaspace       used 65596K, capacity 67083K, committed 67328K, reserved 1107968K
  class space    used 8337K, capacity 8926K, committed 8960K, reserved 1048576K
}
Event: 80.923 GC heap before
{Heap before GC invocations=72 (full 0):
 garbage-first heap   total 101376K, used 72661K [0x0000000080000000, 0x0000000100000000)
  region size 1024K, 23 young (23552K), 3 survivors (3072K)
 Metaspace       used 65643K, capacity 67187K, committed 67456K, reserved 1107968K
  class space    used 8344K, capacity 8961K, committed 9088K, reserved 1048576K
}
Event: 80.944 GC heap after
{Heap after GC invocations=73 (full 0):
 garbage-first heap   total 101376K, used 53716K [0x0000000080000000, 0x0000000100000000)
  region size 1024K, 3 young (3072K), 3 survivors (3072K)
 Metaspace       used 65643K, capacity 67187K, committed 67456K, reserved 1107968K
  class space    used 8344K, capacity 8961K, committed 9088K, reserved 1048576K
}
Event: 89.116 GC heap before
{Heap before GC invocations=74 (full 0):
 garbage-first heap   total 101376K, used 75220K [0x0000000080000000, 0x0000000100000000)
  region size 1024K, 24 young (24576K), 3 survivors (3072K)
 Metaspace       used 67999K, capacity 69577K, committed 69760K, reserved 1110016K
  class space    used 8705K, capacity 9290K, committed 9344K, reserved 1048576K
}
Event: 89.139 GC heap after
{Heap after GC invocations=75 (full 0):
 garbage-first heap   total 121856K, used 55084K [0x0000000080000000, 0x0000000100000000)
  region size 1024K, 2 young (2048K), 2 survivors (2048K)
 Metaspace       used 67999K, capacity 69577K, committed 69760K, reserved 1110016K
  class space    used 8705K, capacity 9290K, committed 9344K, reserved 1048576K
}
Event: 101.084 GC heap before
{Heap before GC invocations=75 (full 0):
 garbage-first heap   total 121856K, used 83756K [0x0000000080000000, 0x0000000100000000)
  region size 1024K, 30 young (30720K), 2 survivors (2048K)
 Metaspace       used 71208K, capacity 72815K, committed 73088K, reserved 1112064K
  class space    used 9241K, capacity 9825K, committed 9856K, reserved 1048576K
}
Event: 101.103 GC heap after
{Heap after GC invocations=76 (full 0):
 garbage-first heap   total 121856K, used 56852K [0x0000000080000000, 0x0000000100000000)
  region size 1024K, 3 young (3072K), 3 survivors (3072K)
 Metaspace       used 71208K, capacity 72815K, committed 73088K, reserved 1112064K
  class space    used 9241K, capacity 9825K, committed 9856K, reserved 1048576K
}
Event: 104.009 GC heap before
{Heap before GC invocations=76 (full 0):
 garbage-first heap   total 121856K, used 86548K [0x0000000080000000, 0x0000000100000000)
  region size 1024K, 32 young (32768K), 3 survivors (3072K)
 Metaspace       used 73502K, capacity 75174K, committed 75264K, reserved 1114112K
  class space    used 9567K, capacity 10213K, committed 10240K, reserved 1048576K
}
Event: 104.033 GC heap after
{Heap after GC invocations=77 (full 0):
 garbage-first heap   total 121856K, used 58851K [0x0000000080000000, 0x0000000100000000)
  region size 1024K, 4 young (4096K), 4 survivors (4096K)
 Metaspace       used 73502K, capacity 75174K, committed 75264K, reserved 1114112K
  class space    used 9567K, capacity 10213K, committed 10240K, reserved 1048576K
}
Event: 107.223 GC heap before
{Heap before GC invocations=77 (full 0):
 garbage-first heap   total 121856K, used 89571K [0x0000000080000000, 0x0000000100000000)
  region size 1024K, 34 young (34816K), 4 survivors (4096K)
 Metaspace       used 76543K, capacity 78288K, committed 78592K, reserved 1118208K
  class space    used 10017K, capacity 10685K, committed 10752K, reserved 1048576K
}
Event: 107.255 GC heap after
{Heap after GC invocations=78 (full 0):
 garbage-first heap   total 121856K, used 60553K [0x0000000080000000, 0x0000000100000000)
  region size 1024K, 4 young (4096K), 4 survivors (4096K)
 Metaspace       used 76543K, capacity 78288K, committed 78592K, reserved 1118208K
  class space    used 10017K, capacity 10685K, committed 10752K, reserved 1048576K
}

